mysqld, Version: 10.8.2-MariaDB-1:10.8.2+maria~focal-log (mariadb.org binary distribution). started with:
Tcp port: 0  Unix socket: /run/mysqld/mysqld.sock
Time		    Id Command	Argument
# Time: 250123 11:32:02
# User@Host: root[root] @ localhost []
# Thread_id: 4  Schema: mysql  QC_hit: No
# Query_time: 0.002345  Lock_time: 0.000369  Rows_sent: 0  Rows_examined: 1
# Rows_affected: 0  Bytes_sent: 11
use mysql;
SET timestamp=1737631922;
set @prep1=if((select count(*) from information_schema.global_variables where variable_name='wsrep_on' and variable_value='ON'), 'SET SESSION SQL_LOG_BIN=?, WSREP_ON=OFF;', 'do ?');
mysqld, Version: 10.8.2-MariaDB-1:10.8.2+maria~focal-log (mariadb.org binary distribution). started with:
Tcp port: 0  Unix socket: /run/mysqld/mysqld.sock
Time		    Id Command	Argument
# Time: 250123 12:42:11
# User@Host: root[root] @  [172.22.0.1]
# Thread_id: 23  Schema: prisma_migrate_shadow_db_6a6760d1-8025-4736-a244-9387a8667918  QC_hit: No
# Query_time: 0.004961  Lock_time: 0.000022  Rows_sent: 0  Rows_examined: 0
# Rows_affected: 0  Bytes_sent: 0
use prisma_migrate_shadow_db_6a6760d1-8025-4736-a244-9387a8667918;
SET timestamp=1737636131;
SELECT TABLE_NAME AS view_name, VIEW_DEFINITION AS view_sql
FROM INFORMATION_SCHEMA.VIEWS
WHERE TABLE_SCHEMA = 'prisma_migrate_shadow_db_6a6760d1-8025-4736-a244-9387a8667918';
# User@Host: root[root] @  [172.22.0.1]
# Thread_id: 23  Schema: prisma_migrate_shadow_db_6a6760d1-8025-4736-a244-9387a8667918  QC_hit: No
# Query_time: 0.000467  Lock_time: 0.000024  Rows_sent: 0  Rows_examined: 0
# Rows_affected: 0  Bytes_sent: 0
SET timestamp=1737636131;
SELECT DISTINCT
              BINARY table_info.table_name AS table_name,
              table_info.create_options AS create_options,
              table_info.table_comment AS table_comment
            FROM information_schema.tables AS table_info
            JOIN information_schema.columns AS column_info
                ON BINARY column_info.table_name = BINARY table_info.table_name
            WHERE
                table_info.table_schema = 'prisma_migrate_shadow_db_6a6760d1-8025-4736-a244-9387a8667918'
                AND column_info.table_schema = 'prisma_migrate_shadow_db_6a6760d1-8025-4736-a244-9387a8667918'
                -- Exclude views.
                AND table_info.table_type = 'BASE TABLE'
            ORDER BY BINARY table_info.table_name;
# User@Host: root[root] @  [172.22.0.1]
# Thread_id: 23  Schema: prisma_migrate_shadow_db_6a6760d1-8025-4736-a244-9387a8667918  QC_hit: No
# Query_time: 0.000368  Lock_time: 0.000016  Rows_sent: 0  Rows_examined: 0
# Rows_affected: 0  Bytes_sent: 0
SET timestamp=1737636131;
SELECT
                column_name column_name,
                data_type data_type,
                column_type full_data_type,
                character_maximum_length character_maximum_length,
                numeric_precision numeric_precision,
                numeric_scale numeric_scale,
                datetime_precision datetime_precision,
                column_default column_default,
                is_nullable is_nullable,
                extra extra,
                table_name table_name,
                IF(column_comment = '', NULL, column_comment) AS column_comment
            FROM information_schema.columns
            WHERE table_schema = 'prisma_migrate_shadow_db_6a6760d1-8025-4736-a244-9387a8667918'
            ORDER BY ordinal_position;
# User@Host: root[root] @  [172.22.0.1]
# Thread_id: 23  Schema: prisma_migrate_shadow_db_6a6760d1-8025-4736-a244-9387a8667918  QC_hit: No
# Query_time: 0.000779  Lock_time: 0.000026  Rows_sent: 0  Rows_examined: 0
# Rows_affected: 0  Bytes_sent: 0
SET timestamp=1737636131;
SELECT
                kcu.constraint_name constraint_name,
                kcu.column_name column_name,
                kcu.referenced_table_name referenced_table_name,
                kcu.referenced_column_name referenced_column_name,
                kcu.ordinal_position ordinal_position,
                kcu.table_name table_name,
                rc.delete_rule delete_rule,
                rc.update_rule update_rule
            FROM information_schema.key_column_usage AS kcu
            INNER JOIN information_schema.referential_constraints AS rc ON
                BINARY kcu.constraint_name = BINARY rc.constraint_name
            WHERE
                BINARY kcu.table_schema = 'prisma_migrate_shadow_db_6a6760d1-8025-4736-a244-9387a8667918'
                AND BINARY rc.constraint_schema = 'prisma_migrate_shadow_db_6a6760d1-8025-4736-a244-9387a8667918'
                AND kcu.referenced_column_name IS NOT NULL

            ORDER BY
                BINARY kcu.table_schema,
                BINARY kcu.table_name,
                BINARY kcu.constraint_name,
                kcu.ordinal_position;
# User@Host: root[root] @  [172.22.0.1]
# Thread_id: 23  Schema: prisma_migrate_shadow_db_6a6760d1-8025-4736-a244-9387a8667918  QC_hit: No
# Query_time: 0.000091  Lock_time: 0.000020  Rows_sent: 0  Rows_examined: 0
# Rows_affected: 0  Bytes_sent: 0
SET timestamp=1737636131;
SELECT
    table_name AS table_name,
    index_name AS index_name,
    column_name AS column_name,
    sub_part AS partial,
    seq_in_index AS seq_in_index,
    collation AS column_order,
    non_unique AS non_unique,
    index_type AS index_type
FROM information_schema.statistics
WHERE table_schema = 'prisma_migrate_shadow_db_6a6760d1-8025-4736-a244-9387a8667918'
ORDER BY BINARY table_name, BINARY index_name, seq_in_index;
# User@Host: root[root] @  [172.22.0.1]
# Thread_id: 23  Schema: prisma_migrate_shadow_db_6a6760d1-8025-4736-a244-9387a8667918  QC_hit: No
# Query_time: 0.004433  Lock_time: 0.000954  Rows_sent: 0  Rows_examined: 50
# Rows_affected: 0  Bytes_sent: 0
SET timestamp=1737636131;
SELECT routine_name AS name,
                routine_definition AS definition
            FROM information_schema.routines
            WHERE ROUTINE_SCHEMA = 'prisma_migrate_shadow_db_6a6760d1-8025-4736-a244-9387a8667918'
            AND ROUTINE_TYPE = 'PROCEDURE';
# User@Host: root[root] @  [172.22.0.1]
# Thread_id: 22  Schema: testovoe  QC_hit: No
# Query_time: 0.000370  Lock_time: 0.000020  Rows_sent: 0  Rows_examined: 0
# Rows_affected: 0  Bytes_sent: 0
use testovoe;
SET timestamp=1737636131;
SELECT TABLE_NAME AS view_name, VIEW_DEFINITION AS view_sql
FROM INFORMATION_SCHEMA.VIEWS
WHERE TABLE_SCHEMA = 'testovoe';
# User@Host: root[root] @  [172.22.0.1]
# Thread_id: 22  Schema: testovoe  QC_hit: No
# Query_time: 0.000444  Lock_time: 0.000028  Rows_sent: 0  Rows_examined: 0
# Rows_affected: 0  Bytes_sent: 0
SET timestamp=1737636131;
SELECT DISTINCT
              BINARY table_info.table_name AS table_name,
              table_info.create_options AS create_options,
              table_info.table_comment AS table_comment
            FROM information_schema.tables AS table_info
            JOIN information_schema.columns AS column_info
                ON BINARY column_info.table_name = BINARY table_info.table_name
            WHERE
                table_info.table_schema = 'testovoe'
                AND column_info.table_schema = 'testovoe'
                -- Exclude views.
                AND table_info.table_type = 'BASE TABLE'
            ORDER BY BINARY table_info.table_name;
# User@Host: root[root] @  [172.22.0.1]
# Thread_id: 22  Schema: testovoe  QC_hit: No
# Query_time: 0.000329  Lock_time: 0.000020  Rows_sent: 0  Rows_examined: 0
# Rows_affected: 0  Bytes_sent: 0
SET timestamp=1737636131;
SELECT
                column_name column_name,
                data_type data_type,
                column_type full_data_type,
                character_maximum_length character_maximum_length,
                numeric_precision numeric_precision,
                numeric_scale numeric_scale,
                datetime_precision datetime_precision,
                column_default column_default,
                is_nullable is_nullable,
                extra extra,
                table_name table_name,
                IF(column_comment = '', NULL, column_comment) AS column_comment
            FROM information_schema.columns
            WHERE table_schema = 'testovoe'
            ORDER BY ordinal_position;
# User@Host: root[root] @  [172.22.0.1]
# Thread_id: 22  Schema: testovoe  QC_hit: No
# Query_time: 0.000681  Lock_time: 0.000018  Rows_sent: 0  Rows_examined: 0
# Rows_affected: 0  Bytes_sent: 0
SET timestamp=1737636131;
SELECT
                kcu.constraint_name constraint_name,
                kcu.column_name column_name,
                kcu.referenced_table_name referenced_table_name,
                kcu.referenced_column_name referenced_column_name,
                kcu.ordinal_position ordinal_position,
                kcu.table_name table_name,
                rc.delete_rule delete_rule,
                rc.update_rule update_rule
            FROM information_schema.key_column_usage AS kcu
            INNER JOIN information_schema.referential_constraints AS rc ON
                BINARY kcu.constraint_name = BINARY rc.constraint_name
            WHERE
                BINARY kcu.table_schema = 'testovoe'
                AND BINARY rc.constraint_schema = 'testovoe'
                AND kcu.referenced_column_name IS NOT NULL

            ORDER BY
                BINARY kcu.table_schema,
                BINARY kcu.table_name,
                BINARY kcu.constraint_name,
                kcu.ordinal_position;
# User@Host: root[root] @  [172.22.0.1]
# Thread_id: 22  Schema: testovoe  QC_hit: No
# Query_time: 0.000073  Lock_time: 0.000016  Rows_sent: 0  Rows_examined: 0
# Rows_affected: 0  Bytes_sent: 0
SET timestamp=1737636131;
SELECT
    table_name AS table_name,
    index_name AS index_name,
    column_name AS column_name,
    sub_part AS partial,
    seq_in_index AS seq_in_index,
    collation AS column_order,
    non_unique AS non_unique,
    index_type AS index_type
FROM information_schema.statistics
WHERE table_schema = 'testovoe'
ORDER BY BINARY table_name, BINARY index_name, seq_in_index;
# User@Host: root[root] @  [172.22.0.1]
# Thread_id: 22  Schema: testovoe  QC_hit: No
# Query_time: 0.001207  Lock_time: 0.000239  Rows_sent: 0  Rows_examined: 50
# Rows_affected: 0  Bytes_sent: 0
SET timestamp=1737636131;
SELECT routine_name AS name,
                routine_definition AS definition
            FROM information_schema.routines
            WHERE ROUTINE_SCHEMA = 'testovoe'
            AND ROUTINE_TYPE = 'PROCEDURE';
# User@Host: root[root] @  [172.22.0.1]
# Thread_id: 24  Schema: prisma_migrate_shadow_db_6c65f4f5-40f2-4b57-a2fb-645a4624a337  QC_hit: No
# Query_time: 0.000386  Lock_time: 0.000020  Rows_sent: 0  Rows_examined: 0
# Rows_affected: 0  Bytes_sent: 0
use prisma_migrate_shadow_db_6c65f4f5-40f2-4b57-a2fb-645a4624a337;
SET timestamp=1737636131;
SELECT TABLE_NAME AS view_name, VIEW_DEFINITION AS view_sql
FROM INFORMATION_SCHEMA.VIEWS
WHERE TABLE_SCHEMA = 'prisma_migrate_shadow_db_6c65f4f5-40f2-4b57-a2fb-645a4624a337';
# User@Host: root[root] @  [172.22.0.1]
# Thread_id: 24  Schema: prisma_migrate_shadow_db_6c65f4f5-40f2-4b57-a2fb-645a4624a337  QC_hit: No
# Query_time: 0.000618  Lock_time: 0.000029  Rows_sent: 1  Rows_examined: 3
# Rows_affected: 0  Bytes_sent: 0
SET timestamp=1737636131;
SELECT DISTINCT
              BINARY table_info.table_name AS table_name,
              table_info.create_options AS create_options,
              table_info.table_comment AS table_comment
            FROM information_schema.tables AS table_info
            JOIN information_schema.columns AS column_info
                ON BINARY column_info.table_name = BINARY table_info.table_name
            WHERE
                table_info.table_schema = 'prisma_migrate_shadow_db_6c65f4f5-40f2-4b57-a2fb-645a4624a337'
                AND column_info.table_schema = 'prisma_migrate_shadow_db_6c65f4f5-40f2-4b57-a2fb-645a4624a337'
                -- Exclude views.
                AND table_info.table_type = 'BASE TABLE'
            ORDER BY BINARY table_info.table_name;
# User@Host: root[root] @  [172.22.0.1]
# Thread_id: 24  Schema: prisma_migrate_shadow_db_6c65f4f5-40f2-4b57-a2fb-645a4624a337  QC_hit: No
# Query_time: 0.000402  Lock_time: 0.000022  Rows_sent: 5  Rows_examined: 10
# Rows_affected: 0  Bytes_sent: 0
SET timestamp=1737636131;
SELECT
                column_name column_name,
                data_type data_type,
                column_type full_data_type,
                character_maximum_length character_maximum_length,
                numeric_precision numeric_precision,
                numeric_scale numeric_scale,
                datetime_precision datetime_precision,
                column_default column_default,
                is_nullable is_nullable,
                extra extra,
                table_name table_name,
                IF(column_comment = '', NULL, column_comment) AS column_comment
            FROM information_schema.columns
            WHERE table_schema = 'prisma_migrate_shadow_db_6c65f4f5-40f2-4b57-a2fb-645a4624a337'
            ORDER BY ordinal_position;
# User@Host: root[root] @  [172.22.0.1]
# Thread_id: 24  Schema: prisma_migrate_shadow_db_6c65f4f5-40f2-4b57-a2fb-645a4624a337  QC_hit: No
# Query_time: 0.000739  Lock_time: 0.000030  Rows_sent: 0  Rows_examined: 1
# Rows_affected: 0  Bytes_sent: 0
SET timestamp=1737636131;
SELECT
                kcu.constraint_name constraint_name,
                kcu.column_name column_name,
                kcu.referenced_table_name referenced_table_name,
                kcu.referenced_column_name referenced_column_name,
                kcu.ordinal_position ordinal_position,
                kcu.table_name table_name,
                rc.delete_rule delete_rule,
                rc.update_rule update_rule
            FROM information_schema.key_column_usage AS kcu
            INNER JOIN information_schema.referential_constraints AS rc ON
                BINARY kcu.constraint_name = BINARY rc.constraint_name
            WHERE
                BINARY kcu.table_schema = 'prisma_migrate_shadow_db_6c65f4f5-40f2-4b57-a2fb-645a4624a337'
                AND BINARY rc.constraint_schema = 'prisma_migrate_shadow_db_6c65f4f5-40f2-4b57-a2fb-645a4624a337'
                AND kcu.referenced_column_name IS NOT NULL

            ORDER BY
                BINARY kcu.table_schema,
                BINARY kcu.table_name,
                BINARY kcu.constraint_name,
                kcu.ordinal_position;
# User@Host: root[root] @  [172.22.0.1]
# Thread_id: 24  Schema: prisma_migrate_shadow_db_6c65f4f5-40f2-4b57-a2fb-645a4624a337  QC_hit: No
# Query_time: 0.001182  Lock_time: 0.001120  Rows_sent: 1  Rows_examined: 2
# Rows_affected: 0  Bytes_sent: 0
SET timestamp=1737636131;
SELECT
    table_name AS table_name,
    index_name AS index_name,
    column_name AS column_name,
    sub_part AS partial,
    seq_in_index AS seq_in_index,
    collation AS column_order,
    non_unique AS non_unique,
    index_type AS index_type
FROM information_schema.statistics
WHERE table_schema = 'prisma_migrate_shadow_db_6c65f4f5-40f2-4b57-a2fb-645a4624a337'
ORDER BY BINARY table_name, BINARY index_name, seq_in_index;
# User@Host: root[root] @  [172.22.0.1]
# Thread_id: 24  Schema: prisma_migrate_shadow_db_6c65f4f5-40f2-4b57-a2fb-645a4624a337  QC_hit: No
# Query_time: 0.001267  Lock_time: 0.000257  Rows_sent: 0  Rows_examined: 50
# Rows_affected: 0  Bytes_sent: 0
SET timestamp=1737636131;
SELECT routine_name AS name,
                routine_definition AS definition
            FROM information_schema.routines
            WHERE ROUTINE_SCHEMA = 'prisma_migrate_shadow_db_6c65f4f5-40f2-4b57-a2fb-645a4624a337'
            AND ROUTINE_TYPE = 'PROCEDURE';
# User@Host: root[root] @  [172.22.0.1]
# Thread_id: 22  Schema: testovoe  QC_hit: No
# Query_time: 0.000501  Lock_time: 0.000035  Rows_sent: 0  Rows_examined: 0
# Rows_affected: 0  Bytes_sent: 0
use testovoe;
SET timestamp=1737636131;
SELECT DISTINCT BINARY table_info.table_name AS table_name
                FROM information_schema.tables AS table_info
                JOIN information_schema.columns AS column_info
                    ON BINARY column_info.table_name = BINARY table_info.table_name
                WHERE
                    table_info.table_schema = 'testovoe'
                    AND column_info.table_schema = 'testovoe'
                    -- Exclude views.
                    AND table_info.table_type = 'BASE TABLE'
                ORDER BY BINARY table_info.table_name;
# User@Host: root[root] @  [172.22.0.1]
# Thread_id: 22  Schema: testovoe  QC_hit: No
# Query_time: 0.000142  Lock_time: 0.000042  Rows_sent: 0  Rows_examined: 0
# Rows_affected: 0  Bytes_sent: 0
SET timestamp=1737636131;
SELECT `id`, `checksum`, `finished_at`, `migration_name`, `logs`, `rolled_back_at`, `started_at`, `applied_steps_count` FROM `_prisma_migrations` ORDER BY `started_at` ASC;
# User@Host: root[root] @  [172.22.0.1]
# Thread_id: 25  Schema: prisma_migrate_shadow_db_57e7f763-3082-4fa9-ba99-d4c012e70495  QC_hit: No
# Query_time: 0.001556  Lock_time: 0.000105  Rows_sent: 0  Rows_examined: 0
# Rows_affected: 0  Bytes_sent: 0
use prisma_migrate_shadow_db_57e7f763-3082-4fa9-ba99-d4c012e70495;
SET timestamp=1737636131;
SELECT TABLE_NAME AS view_name, VIEW_DEFINITION AS view_sql
FROM INFORMATION_SCHEMA.VIEWS
WHERE TABLE_SCHEMA = 'prisma_migrate_shadow_db_57e7f763-3082-4fa9-ba99-d4c012e70495';
# User@Host: root[root] @  [172.22.0.1]
# Thread_id: 25  Schema: prisma_migrate_shadow_db_57e7f763-3082-4fa9-ba99-d4c012e70495  QC_hit: No
# Query_time: 0.002751  Lock_time: 0.000352  Rows_sent: 1  Rows_examined: 3
# Rows_affected: 0  Bytes_sent: 0
SET timestamp=1737636131;
SELECT DISTINCT
              BINARY table_info.table_name AS table_name,
              table_info.create_options AS create_options,
              table_info.table_comment AS table_comment
            FROM information_schema.tables AS table_info
            JOIN information_schema.columns AS column_info
                ON BINARY column_info.table_name = BINARY table_info.table_name
            WHERE
                table_info.table_schema = 'prisma_migrate_shadow_db_57e7f763-3082-4fa9-ba99-d4c012e70495'
                AND column_info.table_schema = 'prisma_migrate_shadow_db_57e7f763-3082-4fa9-ba99-d4c012e70495'
                -- Exclude views.
                AND table_info.table_type = 'BASE TABLE'
            ORDER BY BINARY table_info.table_name;
# User@Host: root[root] @  [172.22.0.1]
# Thread_id: 25  Schema: prisma_migrate_shadow_db_57e7f763-3082-4fa9-ba99-d4c012e70495  QC_hit: No
# Query_time: 0.002132  Lock_time: 0.000140  Rows_sent: 5  Rows_examined: 10
# Rows_affected: 0  Bytes_sent: 0
SET timestamp=1737636131;
SELECT
                column_name column_name,
                data_type data_type,
                column_type full_data_type,
                character_maximum_length character_maximum_length,
                numeric_precision numeric_precision,
                numeric_scale numeric_scale,
                datetime_precision datetime_precision,
                column_default column_default,
                is_nullable is_nullable,
                extra extra,
                table_name table_name,
                IF(column_comment = '', NULL, column_comment) AS column_comment
            FROM information_schema.columns
            WHERE table_schema = 'prisma_migrate_shadow_db_57e7f763-3082-4fa9-ba99-d4c012e70495'
            ORDER BY ordinal_position;
# User@Host: root[root] @  [172.22.0.1]
# Thread_id: 25  Schema: prisma_migrate_shadow_db_57e7f763-3082-4fa9-ba99-d4c012e70495  QC_hit: No
# Query_time: 0.002169  Lock_time: 0.000103  Rows_sent: 0  Rows_examined: 1
# Rows_affected: 0  Bytes_sent: 0
SET timestamp=1737636131;
SELECT
                kcu.constraint_name constraint_name,
                kcu.column_name column_name,
                kcu.referenced_table_name referenced_table_name,
                kcu.referenced_column_name referenced_column_name,
                kcu.ordinal_position ordinal_position,
                kcu.table_name table_name,
                rc.delete_rule delete_rule,
                rc.update_rule update_rule
            FROM information_schema.key_column_usage AS kcu
            INNER JOIN information_schema.referential_constraints AS rc ON
                BINARY kcu.constraint_name = BINARY rc.constraint_name
            WHERE
                BINARY kcu.table_schema = 'prisma_migrate_shadow_db_57e7f763-3082-4fa9-ba99-d4c012e70495'
                AND BINARY rc.constraint_schema = 'prisma_migrate_shadow_db_57e7f763-3082-4fa9-ba99-d4c012e70495'
                AND kcu.referenced_column_name IS NOT NULL

            ORDER BY
                BINARY kcu.table_schema,
                BINARY kcu.table_name,
                BINARY kcu.constraint_name,
                kcu.ordinal_position;
# User@Host: root[root] @  [172.22.0.1]
# Thread_id: 25  Schema: prisma_migrate_shadow_db_57e7f763-3082-4fa9-ba99-d4c012e70495  QC_hit: No
# Query_time: 0.000456  Lock_time: 0.000325  Rows_sent: 1  Rows_examined: 2
# Rows_affected: 0  Bytes_sent: 0
SET timestamp=1737636131;
SELECT
    table_name AS table_name,
    index_name AS index_name,
    column_name AS column_name,
    sub_part AS partial,
    seq_in_index AS seq_in_index,
    collation AS column_order,
    non_unique AS non_unique,
    index_type AS index_type
FROM information_schema.statistics
WHERE table_schema = 'prisma_migrate_shadow_db_57e7f763-3082-4fa9-ba99-d4c012e70495'
ORDER BY BINARY table_name, BINARY index_name, seq_in_index;
# User@Host: root[root] @  [172.22.0.1]
# Thread_id: 25  Schema: prisma_migrate_shadow_db_57e7f763-3082-4fa9-ba99-d4c012e70495  QC_hit: No
# Query_time: 0.003595  Lock_time: 0.001121  Rows_sent: 0  Rows_examined: 50
# Rows_affected: 0  Bytes_sent: 0
SET timestamp=1737636131;
SELECT routine_name AS name,
                routine_definition AS definition
            FROM information_schema.routines
            WHERE ROUTINE_SCHEMA = 'prisma_migrate_shadow_db_57e7f763-3082-4fa9-ba99-d4c012e70495'
            AND ROUTINE_TYPE = 'PROCEDURE';
# User@Host: root[root] @  [172.22.0.1]
# Thread_id: 26  Schema: prisma_migrate_shadow_db_c332784b-3e08-4f75-b31b-aec5762eeacc  QC_hit: No
# Query_time: 0.000477  Lock_time: 0.000026  Rows_sent: 0  Rows_examined: 0
# Rows_affected: 0  Bytes_sent: 0
use prisma_migrate_shadow_db_c332784b-3e08-4f75-b31b-aec5762eeacc;
SET timestamp=1737636131;
SELECT TABLE_NAME AS view_name, VIEW_DEFINITION AS view_sql
FROM INFORMATION_SCHEMA.VIEWS
WHERE TABLE_SCHEMA = 'prisma_migrate_shadow_db_c332784b-3e08-4f75-b31b-aec5762eeacc';
# User@Host: root[root] @  [172.22.0.1]
# Thread_id: 26  Schema: prisma_migrate_shadow_db_c332784b-3e08-4f75-b31b-aec5762eeacc  QC_hit: No
# Query_time: 0.000612  Lock_time: 0.000028  Rows_sent: 1  Rows_examined: 3
# Rows_affected: 0  Bytes_sent: 0
SET timestamp=1737636131;
SELECT DISTINCT
              BINARY table_info.table_name AS table_name,
              table_info.create_options AS create_options,
              table_info.table_comment AS table_comment
            FROM information_schema.tables AS table_info
            JOIN information_schema.columns AS column_info
                ON BINARY column_info.table_name = BINARY table_info.table_name
            WHERE
                table_info.table_schema = 'prisma_migrate_shadow_db_c332784b-3e08-4f75-b31b-aec5762eeacc'
                AND column_info.table_schema = 'prisma_migrate_shadow_db_c332784b-3e08-4f75-b31b-aec5762eeacc'
                -- Exclude views.
                AND table_info.table_type = 'BASE TABLE'
            ORDER BY BINARY table_info.table_name;
# User@Host: root[root] @  [172.22.0.1]
# Thread_id: 26  Schema: prisma_migrate_shadow_db_c332784b-3e08-4f75-b31b-aec5762eeacc  QC_hit: No
# Query_time: 0.000417  Lock_time: 0.000018  Rows_sent: 5  Rows_examined: 10
# Rows_affected: 0  Bytes_sent: 0
SET timestamp=1737636131;
SELECT
                column_name column_name,
                data_type data_type,
                column_type full_data_type,
                character_maximum_length character_maximum_length,
                numeric_precision numeric_precision,
                numeric_scale numeric_scale,
                datetime_precision datetime_precision,
                column_default column_default,
                is_nullable is_nullable,
                extra extra,
                table_name table_name,
                IF(column_comment = '', NULL, column_comment) AS column_comment
            FROM information_schema.columns
            WHERE table_schema = 'prisma_migrate_shadow_db_c332784b-3e08-4f75-b31b-aec5762eeacc'
            ORDER BY ordinal_position;
# User@Host: root[root] @  [172.22.0.1]
# Thread_id: 26  Schema: prisma_migrate_shadow_db_c332784b-3e08-4f75-b31b-aec5762eeacc  QC_hit: No
# Query_time: 0.000832  Lock_time: 0.000024  Rows_sent: 0  Rows_examined: 1
# Rows_affected: 0  Bytes_sent: 0
SET timestamp=1737636131;
SELECT
                kcu.constraint_name constraint_name,
                kcu.column_name column_name,
                kcu.referenced_table_name referenced_table_name,
                kcu.referenced_column_name referenced_column_name,
                kcu.ordinal_position ordinal_position,
                kcu.table_name table_name,
                rc.delete_rule delete_rule,
                rc.update_rule update_rule
            FROM information_schema.key_column_usage AS kcu
            INNER JOIN information_schema.referential_constraints AS rc ON
                BINARY kcu.constraint_name = BINARY rc.constraint_name
            WHERE
                BINARY kcu.table_schema = 'prisma_migrate_shadow_db_c332784b-3e08-4f75-b31b-aec5762eeacc'
                AND BINARY rc.constraint_schema = 'prisma_migrate_shadow_db_c332784b-3e08-4f75-b31b-aec5762eeacc'
                AND kcu.referenced_column_name IS NOT NULL

            ORDER BY
                BINARY kcu.table_schema,
                BINARY kcu.table_name,
                BINARY kcu.constraint_name,
                kcu.ordinal_position;
# User@Host: root[root] @  [172.22.0.1]
# Thread_id: 26  Schema: prisma_migrate_shadow_db_c332784b-3e08-4f75-b31b-aec5762eeacc  QC_hit: No
# Query_time: 0.000303  Lock_time: 0.000246  Rows_sent: 1  Rows_examined: 2
# Rows_affected: 0  Bytes_sent: 0
SET timestamp=1737636131;
SELECT
    table_name AS table_name,
    index_name AS index_name,
    column_name AS column_name,
    sub_part AS partial,
    seq_in_index AS seq_in_index,
    collation AS column_order,
    non_unique AS non_unique,
    index_type AS index_type
FROM information_schema.statistics
WHERE table_schema = 'prisma_migrate_shadow_db_c332784b-3e08-4f75-b31b-aec5762eeacc'
ORDER BY BINARY table_name, BINARY index_name, seq_in_index;
# User@Host: root[root] @  [172.22.0.1]
# Thread_id: 26  Schema: prisma_migrate_shadow_db_c332784b-3e08-4f75-b31b-aec5762eeacc  QC_hit: No
# Query_time: 0.001227  Lock_time: 0.000264  Rows_sent: 0  Rows_examined: 50
# Rows_affected: 0  Bytes_sent: 0
SET timestamp=1737636131;
SELECT routine_name AS name,
                routine_definition AS definition
            FROM information_schema.routines
            WHERE ROUTINE_SCHEMA = 'prisma_migrate_shadow_db_c332784b-3e08-4f75-b31b-aec5762eeacc'
            AND ROUTINE_TYPE = 'PROCEDURE';
# User@Host: root[root] @  [172.22.0.1]
# Thread_id: 22  Schema: testovoe  QC_hit: No
# Query_time: 0.000766  Lock_time: 0.000065  Rows_sent: 2  Rows_examined: 6
# Rows_affected: 0  Bytes_sent: 0
use testovoe;
SET timestamp=1737636131;
SELECT DISTINCT BINARY table_info.table_name AS table_name
                FROM information_schema.tables AS table_info
                JOIN information_schema.columns AS column_info
                    ON BINARY column_info.table_name = BINARY table_info.table_name
                WHERE
                    table_info.table_schema = 'testovoe'
                    AND column_info.table_schema = 'testovoe'
                    -- Exclude views.
                    AND table_info.table_type = 'BASE TABLE'
                ORDER BY BINARY table_info.table_name;
# User@Host: root[root] @  [172.22.0.1]
# Thread_id: 22  Schema: testovoe  QC_hit: No
# Query_time: 0.000082  Lock_time: 0.000022  Rows_sent: 1  Rows_examined: 2
# Rows_affected: 0  Bytes_sent: 0
SET timestamp=1737636131;
SELECT `id`, `checksum`, `finished_at`, `migration_name`, `logs`, `rolled_back_at`, `started_at`, `applied_steps_count` FROM `_prisma_migrations` ORDER BY `started_at` ASC;
# Time: 250123 12:42:30
# User@Host: root[root] @  [172.22.0.1]
# Thread_id: 28  Schema: testovoe  QC_hit: No
# Query_time: 0.000135  Lock_time: 0.000038  Rows_sent: 1  Rows_examined: 0
# Rows_affected: 0  Bytes_sent: 0
SET timestamp=1737636150;
SELECT COUNT(*) FROM (SELECT `testovoe`.`User`.`id` FROM `testovoe`.`User` WHERE 1=1) AS `sub`;
# Time: 250123 12:42:31
# User@Host: root[root] @  [172.22.0.1]
# Thread_id: 29  Schema: testovoe  QC_hit: No
# Query_time: 0.000183  Lock_time: 0.000019  Rows_sent: 1  Rows_examined: 0
# Rows_affected: 0  Bytes_sent: 0
SET timestamp=1737636151;
SELECT COUNT(*) FROM (SELECT `testovoe`.`User`.`id` FROM `testovoe`.`User` WHERE 1=1) AS `sub`;
# User@Host: root[root] @  [172.22.0.1]
# Thread_id: 30  Schema: testovoe  QC_hit: No
# Query_time: 0.000097  Lock_time: 0.000021  Rows_sent: 0  Rows_examined: 0
# Rows_affected: 0  Bytes_sent: 0
SET timestamp=1737636151;
SELECT `testovoe`.`User`.`id`, `testovoe`.`User`.`email`, `testovoe`.`User`.`passwordHash`, `testovoe`.`User`.`createdAt`, `testovoe`.`User`.`updatedAt` FROM `testovoe`.`User` WHERE 1=1 ORDER BY `testovoe`.`User`.`id` ASC LIMIT 100 OFFSET 0;
# Time: 250123 12:42:35
# User@Host: root[root] @  [172.22.0.1]
# Thread_id: 31  Schema: testovoe  QC_hit: No
# Query_time: 0.000456  Lock_time: 0.000222  Rows_sent: 1  Rows_examined: 0
# Rows_affected: 0  Bytes_sent: 0
SET timestamp=1737636155;
SELECT COUNT(*) FROM (SELECT `testovoe`.`User`.`id` FROM `testovoe`.`User` WHERE 1=1) AS `sub`;
# User@Host: root[root] @  [172.22.0.1]
# Thread_id: 32  Schema: testovoe  QC_hit: No
# Query_time: 0.000259  Lock_time: 0.000093  Rows_sent: 0  Rows_examined: 0
# Rows_affected: 0  Bytes_sent: 0
SET timestamp=1737636155;
SELECT `testovoe`.`User`.`id`, `testovoe`.`User`.`email`, `testovoe`.`User`.`passwordHash`, `testovoe`.`User`.`createdAt`, `testovoe`.`User`.`updatedAt` FROM `testovoe`.`User` WHERE 1=1 ORDER BY `testovoe`.`User`.`id` ASC LIMIT 100 OFFSET 0;
# Time: 250123 15:03:03
# User@Host: root[root] @  [172.22.0.4]
# Thread_id: 47  Schema:   QC_hit: No
# Query_time: 0.001727  Lock_time: 0.000819  Rows_sent: 1  Rows_examined: 1
# Rows_affected: 0  Bytes_sent: 56
SET timestamp=1737644583;
SELECT 1 FROM mysql.user LIMIT 1;
# User@Host: root[root] @  [172.22.0.4]
# Thread_id: 47  Schema: mysql  QC_hit: No
# Query_time: 0.000100  Lock_time: 0.000038  Rows_sent: 40  Rows_examined: 40
# Rows_affected: 0  Bytes_sent: 2337
use mysql;
SET timestamp=1737644583;
SELECT `CHARACTER_SET_NAME` AS `Charset`, `DEFAULT_COLLATE_NAME` AS `Default collation`, `DESCRIPTION` AS `Description`, `MAXLEN` AS `Maxlen` FROM `information_schema`.`CHARACTER_SETS`;
# User@Host: root[root] @  [172.22.0.4]
# Thread_id: 47  Schema: mysql  QC_hit: No
# Query_time: 0.000296  Lock_time: 0.000034  Rows_sent: 322  Rows_examined: 322
# Rows_affected: 0  Bytes_sent: 13358
SET timestamp=1737644583;
SELECT `COLLATION_NAME` AS `Collation`, `CHARACTER_SET_NAME` AS `Charset`, `ID` AS `Id`, `IS_DEFAULT` AS `Default`, `IS_COMPILED` AS `Compiled`, `SORTLEN` AS `Sortlen` FROM `information_schema`.`COLLATIONS`;
# User@Host: root[root] @  [172.22.0.4]
# Thread_id: 47  Schema: mysql  QC_hit: No
# Query_time: 0.000795  Lock_time: 0.000109  Rows_sent: 5  Rows_examined: 35
# Rows_affected: 0  Bytes_sent: 182
SET timestamp=1737644583;
SELECT `SCHEMA_NAME` FROM `INFORMATION_SCHEMA`.`SCHEMATA`, (SELECT DB_first_level FROM ( SELECT DISTINCT SUBSTRING_INDEX(SCHEMA_NAME, '_', 1) DB_first_level FROM INFORMATION_SCHEMA.SCHEMATA WHERE TRUE ) t ORDER BY DB_first_level ASC LIMIT 0, 100) t2 WHERE TRUE AND 1 = LOCATE(CONCAT(DB_first_level, '_'), CONCAT(SCHEMA_NAME, '_')) ORDER BY SCHEMA_NAME ASC;
# User@Host: root[root] @  [172.22.0.4]
# Thread_id: 47  Schema: mysql  QC_hit: No
# Query_time: 0.000237  Lock_time: 0.000080  Rows_sent: 1  Rows_examined: 15
# Rows_affected: 0  Bytes_sent: 63
SET timestamp=1737644583;
SELECT COUNT(*) FROM ( SELECT DISTINCT SUBSTRING_INDEX(SCHEMA_NAME, '_', 1) DB_first_level FROM INFORMATION_SCHEMA.SCHEMATA WHERE TRUE ) t;
# User@Host: root[root] @  [172.22.0.4]
# Thread_id: 47  Schema: mysql  QC_hit: No
# Query_time: 0.000388  Lock_time: 0.000105  Rows_sent: 1  Rows_examined: 15
# Rows_affected: 0  Bytes_sent: 63
SET timestamp=1737644583;
SELECT COUNT(*) FROM ( SELECT DISTINCT SUBSTRING_INDEX(SCHEMA_NAME, '_', 1) DB_first_level FROM INFORMATION_SCHEMA.SCHEMATA WHERE TRUE ) t;
# User@Host: root[root] @  [172.22.0.4]
# Thread_id: 47  Schema: mysql  QC_hit: No
# Query_time: 0.001242  Lock_time: 0.000376  Rows_sent: 1  Rows_examined: 85
# Rows_affected: 0  Bytes_sent: 57
SET timestamp=1737644583;
SELECT 1 FROM (SELECT `GRANTEE`, `IS_GRANTABLE` FROM `INFORMATION_SCHEMA`.`COLUMN_PRIVILEGES` UNION SELECT `GRANTEE`, `IS_GRANTABLE` FROM `INFORMATION_SCHEMA`.`TABLE_PRIVILEGES` UNION SELECT `GRANTEE`, `IS_GRANTABLE` FROM `INFORMATION_SCHEMA`.`SCHEMA_PRIVILEGES` UNION SELECT `GRANTEE`, `IS_GRANTABLE` FROM `INFORMATION_SCHEMA`.`USER_PRIVILEGES`) t WHERE `IS_GRANTABLE` = 'YES' AND '''root''@''%''' LIKE `GRANTEE`  UNION SELECT 1 FROM mysql.user WHERE `create_user_priv` = 'Y' COLLATE utf8mb4_general_ci AND 'root' LIKE `User` AND '' LIKE `Host` LIMIT 1;
# Time: 250123 15:03:04
# User@Host: root[root] @  [172.22.0.4]
# Thread_id: 49  Schema:   QC_hit: No
# Query_time: 0.000635  Lock_time: 0.000403  Rows_sent: 1  Rows_examined: 1
# Rows_affected: 0  Bytes_sent: 56
SET timestamp=1737644584;
SELECT 1 FROM mysql.user LIMIT 1;
# User@Host: root[root] @  [172.22.0.4]
# Thread_id: 49  Schema:   QC_hit: No
# Query_time: 0.001328  Lock_time: 0.000468  Rows_sent: 1  Rows_examined: 85
# Rows_affected: 0  Bytes_sent: 57
SET timestamp=1737644584;
SELECT 1 FROM (SELECT `GRANTEE`, `IS_GRANTABLE` FROM `INFORMATION_SCHEMA`.`COLUMN_PRIVILEGES` UNION SELECT `GRANTEE`, `IS_GRANTABLE` FROM `INFORMATION_SCHEMA`.`TABLE_PRIVILEGES` UNION SELECT `GRANTEE`, `IS_GRANTABLE` FROM `INFORMATION_SCHEMA`.`SCHEMA_PRIVILEGES` UNION SELECT `GRANTEE`, `IS_GRANTABLE` FROM `INFORMATION_SCHEMA`.`USER_PRIVILEGES`) t WHERE `IS_GRANTABLE` = 'YES' AND '''root''@''%''' LIKE `GRANTEE`  UNION SELECT 1 FROM mysql.user WHERE `create_user_priv` = 'Y' COLLATE utf8mb4_general_ci AND 'root' LIKE `User` AND '' LIKE `Host` LIMIT 1;
# User@Host: root[root] @  [172.22.0.4]
# Thread_id: 51  Schema:   QC_hit: No
# Query_time: 0.000477  Lock_time: 0.000122  Rows_sent: 5  Rows_examined: 35
# Rows_affected: 0  Bytes_sent: 182
SET timestamp=1737644584;
SELECT `SCHEMA_NAME` FROM `INFORMATION_SCHEMA`.`SCHEMATA`, (SELECT DB_first_level FROM ( SELECT DISTINCT SUBSTRING_INDEX(SCHEMA_NAME, '_', 1) DB_first_level FROM INFORMATION_SCHEMA.SCHEMATA WHERE TRUE ) t ORDER BY DB_first_level ASC LIMIT 0, 100) t2 WHERE TRUE AND 1 = LOCATE(CONCAT(DB_first_level, '_'), CONCAT(SCHEMA_NAME, '_')) ORDER BY SCHEMA_NAME ASC;
# User@Host: root[root] @  [172.22.0.4]
# Thread_id: 51  Schema:   QC_hit: No
# Query_time: 0.000326  Lock_time: 0.000116  Rows_sent: 1  Rows_examined: 15
# Rows_affected: 0  Bytes_sent: 63
SET timestamp=1737644584;
SELECT COUNT(*) FROM ( SELECT DISTINCT SUBSTRING_INDEX(SCHEMA_NAME, '_', 1) DB_first_level FROM INFORMATION_SCHEMA.SCHEMATA WHERE TRUE ) t;
# User@Host: root[root] @  [172.22.0.4]
# Thread_id: 51  Schema:   QC_hit: No
# Query_time: 0.000268  Lock_time: 0.000077  Rows_sent: 1  Rows_examined: 15
# Rows_affected: 0  Bytes_sent: 63
SET timestamp=1737644584;
SELECT COUNT(*) FROM ( SELECT DISTINCT SUBSTRING_INDEX(SCHEMA_NAME, '_', 1) DB_first_level FROM INFORMATION_SCHEMA.SCHEMATA WHERE TRUE ) t;
# User@Host: root[root] @  [172.22.0.4]
# Thread_id: 51  Schema:   QC_hit: No
# Query_time: 0.000541  Lock_time: 0.000338  Rows_sent: 1  Rows_examined: 1
# Rows_affected: 0  Bytes_sent: 56
SET timestamp=1737644584;
SELECT 1 FROM mysql.user LIMIT 1;
# User@Host: root[root] @  [172.22.0.4]
# Thread_id: 51  Schema:   QC_hit: No
# Query_time: 0.000832  Lock_time: 0.000364  Rows_sent: 1  Rows_examined: 85
# Rows_affected: 0  Bytes_sent: 57
SET timestamp=1737644584;
SELECT 1 FROM (SELECT `GRANTEE`, `IS_GRANTABLE` FROM `INFORMATION_SCHEMA`.`COLUMN_PRIVILEGES` UNION SELECT `GRANTEE`, `IS_GRANTABLE` FROM `INFORMATION_SCHEMA`.`TABLE_PRIVILEGES` UNION SELECT `GRANTEE`, `IS_GRANTABLE` FROM `INFORMATION_SCHEMA`.`SCHEMA_PRIVILEGES` UNION SELECT `GRANTEE`, `IS_GRANTABLE` FROM `INFORMATION_SCHEMA`.`USER_PRIVILEGES`) t WHERE `IS_GRANTABLE` = 'YES' AND '''root''@''%''' LIKE `GRANTEE`  UNION SELECT 1 FROM mysql.user WHERE `create_user_priv` = 'Y' COLLATE utf8mb4_general_ci AND 'root' LIKE `User` AND '' LIKE `Host` LIMIT 1;
# User@Host: root[root] @  [172.22.0.4]
# Thread_id: 53  Schema:   QC_hit: No
# Query_time: 0.000509  Lock_time: 0.000320  Rows_sent: 1  Rows_examined: 1
# Rows_affected: 0  Bytes_sent: 56
SET timestamp=1737644584;
SELECT 1 FROM mysql.user LIMIT 1;
# User@Host: root[root] @  [172.22.0.4]
# Thread_id: 53  Schema:   QC_hit: No
# Query_time: 0.000985  Lock_time: 0.000429  Rows_sent: 1  Rows_examined: 85
# Rows_affected: 0  Bytes_sent: 57
SET timestamp=1737644584;
SELECT 1 FROM (SELECT `GRANTEE`, `IS_GRANTABLE` FROM `INFORMATION_SCHEMA`.`COLUMN_PRIVILEGES` UNION SELECT `GRANTEE`, `IS_GRANTABLE` FROM `INFORMATION_SCHEMA`.`TABLE_PRIVILEGES` UNION SELECT `GRANTEE`, `IS_GRANTABLE` FROM `INFORMATION_SCHEMA`.`SCHEMA_PRIVILEGES` UNION SELECT `GRANTEE`, `IS_GRANTABLE` FROM `INFORMATION_SCHEMA`.`USER_PRIVILEGES`) t WHERE `IS_GRANTABLE` = 'YES' AND '''root''@''%''' LIKE `GRANTEE`  UNION SELECT 1 FROM mysql.user WHERE `create_user_priv` = 'Y' COLLATE utf8mb4_general_ci AND 'root' LIKE `User` AND '' LIKE `Host` LIMIT 1;
# Time: 250123 15:03:08
# User@Host: root[root] @  [172.22.0.4]
# Thread_id: 57  Schema:   QC_hit: No
# Query_time: 0.001554  Lock_time: 0.001077  Rows_sent: 1  Rows_examined: 1
# Rows_affected: 0  Bytes_sent: 56
SET timestamp=1737644588;
SELECT 1 FROM mysql.user LIMIT 1;
# User@Host: root[root] @  [172.22.0.4]
# Thread_id: 57  Schema:   QC_hit: No
# Query_time: 0.002371  Lock_time: 0.001187  Rows_sent: 1  Rows_examined: 85
# Rows_affected: 0  Bytes_sent: 57
SET timestamp=1737644588;
SELECT 1 FROM (SELECT `GRANTEE`, `IS_GRANTABLE` FROM `INFORMATION_SCHEMA`.`COLUMN_PRIVILEGES` UNION SELECT `GRANTEE`, `IS_GRANTABLE` FROM `INFORMATION_SCHEMA`.`TABLE_PRIVILEGES` UNION SELECT `GRANTEE`, `IS_GRANTABLE` FROM `INFORMATION_SCHEMA`.`SCHEMA_PRIVILEGES` UNION SELECT `GRANTEE`, `IS_GRANTABLE` FROM `INFORMATION_SCHEMA`.`USER_PRIVILEGES`) t WHERE `IS_GRANTABLE` = 'YES' AND '''root''@''%''' LIKE `GRANTEE`  UNION SELECT 1 FROM mysql.user WHERE `create_user_priv` = 'Y' COLLATE utf8mb4_general_ci AND 'root' LIKE `User` AND '' LIKE `Host` LIMIT 1;
# User@Host: root[root] @  [172.22.0.4]
# Thread_id: 59  Schema: testovoe  QC_hit: No
# Query_time: 0.000272  Lock_time: 0.000080  Rows_sent: 2  Rows_examined: 4
# Rows_affected: 0  Bytes_sent: 3783
use testovoe;
SET timestamp=1737644588;
SELECT *, `TABLE_SCHEMA`       AS `Db`, `TABLE_NAME`         AS `Name`, `TABLE_TYPE`         AS `TABLE_TYPE`, `ENGINE`             AS `Engine`, `ENGINE`             AS `Type`, `VERSION`            AS `Version`, `ROW_FORMAT`         AS `Row_format`, `TABLE_ROWS`         AS `Rows`, `AVG_ROW_LENGTH`     AS `Avg_row_length`, `DATA_LENGTH`        AS `Data_length`, `MAX_DATA_LENGTH`    AS `Max_data_length`, `INDEX_LENGTH`       AS `Index_length`, `DATA_FREE`          AS `Data_free`, `AUTO_INCREMENT`     AS `Auto_increment`, `CREATE_TIME`        AS `Create_time`, `UPDATE_TIME`        AS `Update_time`, `CHECK_TIME`         AS `Check_time`, `TABLE_COLLATION`    AS `Collation`, `CHECKSUM`           AS `Checksum`, `CREATE_OPTIONS`     AS `Create_options`, `TABLE_COMMENT`      AS `Comment` FROM `information_schema`.`TABLES` t WHERE `TABLE_SCHEMA`  IN ('testovoe') AND t.`TABLE_NAME`  IN ('User', '_prisma_migrations') ORDER BY Name ASC;
# User@Host: root[root] @  [172.22.0.4]
# Thread_id: 59  Schema: testovoe  QC_hit: No
# Query_time: 0.000127  Lock_time: 0.000063  Rows_sent: 1  Rows_examined: 1
# Rows_affected: 0  Bytes_sent: 63
SET timestamp=1737644588;
SELECT COUNT(*) FROM `testovoe`.`User`;
# User@Host: root[root] @  [172.22.0.4]
# Thread_id: 59  Schema: testovoe  QC_hit: No
# Query_time: 0.000315  Lock_time: 0.000050  Rows_sent: 322  Rows_examined: 322
# Rows_affected: 0  Bytes_sent: 13358
SET timestamp=1737644588;
SELECT `COLLATION_NAME` AS `Collation`, `CHARACTER_SET_NAME` AS `Charset`, `ID` AS `Id`, `IS_DEFAULT` AS `Default`, `IS_COMPILED` AS `Compiled`, `SORTLEN` AS `Sortlen` FROM `information_schema`.`COLLATIONS`;
# User@Host: root[root] @  [172.22.0.4]
# Thread_id: 59  Schema: testovoe  QC_hit: No
# Query_time: 0.000075  Lock_time: 0.000037  Rows_sent: 1  Rows_examined: 1
# Rows_affected: 0  Bytes_sent: 63
SET timestamp=1737644588;
SELECT COUNT(*) FROM `testovoe`.`_prisma_migrations`;
# User@Host: root[root] @  [172.22.0.4]
# Thread_id: 59  Schema: testovoe  QC_hit: No
# Query_time: 0.000086  Lock_time: 0.000036  Rows_sent: 1  Rows_examined: 1
# Rows_affected: 0  Bytes_sent: 150
SET timestamp=1737644588;
SELECT DEFAULT_COLLATION_NAME FROM information_schema.SCHEMATA WHERE SCHEMA_NAME = 'testovoe' LIMIT 1;
# User@Host: root[root] @  [172.22.0.4]
# Thread_id: 59  Schema: testovoe  QC_hit: No
# Query_time: 0.000429  Lock_time: 0.000265  Rows_sent: 1  Rows_examined: 1
# Rows_affected: 0  Bytes_sent: 56
SET timestamp=1737644588;
SELECT 1 FROM mysql.user LIMIT 1;
# User@Host: root[root] @  [172.22.0.4]
# Thread_id: 59  Schema: testovoe  QC_hit: No
# Query_time: 0.000614  Lock_time: 0.000279  Rows_sent: 1  Rows_examined: 85
# Rows_affected: 0  Bytes_sent: 57
SET timestamp=1737644588;
SELECT 1 FROM (SELECT `GRANTEE`, `IS_GRANTABLE` FROM `INFORMATION_SCHEMA`.`COLUMN_PRIVILEGES` UNION SELECT `GRANTEE`, `IS_GRANTABLE` FROM `INFORMATION_SCHEMA`.`TABLE_PRIVILEGES` UNION SELECT `GRANTEE`, `IS_GRANTABLE` FROM `INFORMATION_SCHEMA`.`SCHEMA_PRIVILEGES` UNION SELECT `GRANTEE`, `IS_GRANTABLE` FROM `INFORMATION_SCHEMA`.`USER_PRIVILEGES`) t WHERE `IS_GRANTABLE` = 'YES' AND '''root''@''%''' LIKE `GRANTEE`  UNION SELECT 1 FROM mysql.user WHERE `create_user_priv` = 'Y' COLLATE utf8mb4_general_ci AND 'root' LIKE `User` AND '' LIKE `Host` LIMIT 1;
# User@Host: root[root] @  [172.22.0.4]
# Thread_id: 59  Schema: testovoe  QC_hit: No
# Query_time: 0.000081  Lock_time: 0.000025  Rows_sent: 1  Rows_examined: 77
# Rows_affected: 0  Bytes_sent: 135
SET timestamp=1737644588;
SELECT `PRIVILEGE_TYPE` FROM `INFORMATION_SCHEMA`.`USER_PRIVILEGES` WHERE GRANTEE='''root''@''%''' AND PRIVILEGE_TYPE='EVENT';
# User@Host: root[root] @  [172.22.0.4]
# Thread_id: 59  Schema: testovoe  QC_hit: No
# Query_time: 0.000083  Lock_time: 0.000035  Rows_sent: 1  Rows_examined: 77
# Rows_affected: 0  Bytes_sent: 137
SET timestamp=1737644588;
SELECT `PRIVILEGE_TYPE` FROM `INFORMATION_SCHEMA`.`USER_PRIVILEGES` WHERE GRANTEE='''root''@''%''' AND PRIVILEGE_TYPE='TRIGGER';
# User@Host: root[root] @  [172.22.0.4]
# Thread_id: 61  Schema:   QC_hit: No
# Query_time: 0.000627  Lock_time: 0.000181  Rows_sent: 5  Rows_examined: 35
# Rows_affected: 0  Bytes_sent: 182
SET timestamp=1737644588;
SELECT `SCHEMA_NAME` FROM `INFORMATION_SCHEMA`.`SCHEMATA`, (SELECT DB_first_level FROM ( SELECT DISTINCT SUBSTRING_INDEX(SCHEMA_NAME, '_', 1) DB_first_level FROM INFORMATION_SCHEMA.SCHEMATA WHERE TRUE ) t ORDER BY DB_first_level ASC LIMIT 0, 100) t2 WHERE TRUE AND 1 = LOCATE(CONCAT(DB_first_level, '_'), CONCAT(SCHEMA_NAME, '_')) ORDER BY SCHEMA_NAME ASC;
# User@Host: root[root] @  [172.22.0.4]
# Thread_id: 61  Schema:   QC_hit: No
# Query_time: 0.000269  Lock_time: 0.000088  Rows_sent: 1  Rows_examined: 2
# Rows_affected: 0  Bytes_sent: 63
SET timestamp=1737644588;
SELECT COUNT(*) FROM `INFORMATION_SCHEMA`.`TABLES` WHERE `TABLE_SCHEMA`='testovoe' AND `TABLE_TYPE` IN('BASE TABLE', 'SYSTEM VERSIONED');
# User@Host: root[root] @  [172.22.0.4]
# Thread_id: 61  Schema:   QC_hit: No
# Query_time: 0.001020  Lock_time: 0.000354  Rows_sent: 1  Rows_examined: 2
# Rows_affected: 0  Bytes_sent: 63
SET timestamp=1737644588;
SELECT COUNT(*) FROM `INFORMATION_SCHEMA`.`TABLES` WHERE `TABLE_SCHEMA`='testovoe' AND `TABLE_TYPE` NOT IN('BASE TABLE', 'SYSTEM VERSIONED');
# User@Host: root[root] @  [172.22.0.4]
# Thread_id: 61  Schema:   QC_hit: No
# Query_time: 0.001789  Lock_time: 0.000709  Rows_sent: 1  Rows_examined: 50
# Rows_affected: 0  Bytes_sent: 63
SET timestamp=1737644588;
SELECT COUNT(*) FROM `INFORMATION_SCHEMA`.`ROUTINES` WHERE `ROUTINE_SCHEMA` ='testovoe' AND `ROUTINE_TYPE`='FUNCTION';
# User@Host: root[root] @  [172.22.0.4]
# Thread_id: 61  Schema:   QC_hit: No
# Query_time: 0.002399  Lock_time: 0.001058  Rows_sent: 1  Rows_examined: 50
# Rows_affected: 0  Bytes_sent: 63
SET timestamp=1737644588;
SELECT COUNT(*) FROM `INFORMATION_SCHEMA`.`ROUTINES` WHERE `ROUTINE_SCHEMA` ='testovoe'AND `ROUTINE_TYPE`='PROCEDURE';
# User@Host: root[root] @  [172.22.0.4]
# Thread_id: 61  Schema:   QC_hit: No
# Query_time: 0.000932  Lock_time: 0.000608  Rows_sent: 1  Rows_examined: 0
# Rows_affected: 0  Bytes_sent: 63
SET timestamp=1737644588;
SELECT COUNT(*) FROM `INFORMATION_SCHEMA`.`EVENTS` WHERE `EVENT_SCHEMA` ='testovoe';
# User@Host: root[root] @  [172.22.0.4]
# Thread_id: 61  Schema:   QC_hit: No
# Query_time: 0.000282  Lock_time: 0.000084  Rows_sent: 2  Rows_examined: 4
# Rows_affected: 0  Bytes_sent: 125
SET timestamp=1737644588;
SELECT `TABLE_NAME` AS `name` FROM `INFORMATION_SCHEMA`.`TABLES` WHERE `TABLE_SCHEMA`='testovoe' AND `TABLE_TYPE` IN('BASE TABLE', 'SYSTEM VERSIONED') ORDER BY `TABLE_NAME` ASC;
# User@Host: root[root] @  [172.22.0.4]
# Thread_id: 61  Schema:   QC_hit: No
# Query_time: 0.000566  Lock_time: 0.000092  Rows_sent: 1  Rows_examined: 2
# Rows_affected: 0  Bytes_sent: 63
SET timestamp=1737644588;
SELECT COUNT(*) FROM `INFORMATION_SCHEMA`.`TABLES` WHERE `TABLE_SCHEMA`='testovoe' AND `TABLE_TYPE` IN('BASE TABLE', 'SYSTEM VERSIONED');
# User@Host: root[root] @  [172.22.0.4]
# Thread_id: 61  Schema:   QC_hit: No
# Query_time: 0.000260  Lock_time: 0.000085  Rows_sent: 1  Rows_examined: 2
# Rows_affected: 0  Bytes_sent: 63
SET timestamp=1737644588;
SELECT COUNT(*) FROM `INFORMATION_SCHEMA`.`TABLES` WHERE `TABLE_SCHEMA`='testovoe' AND `TABLE_TYPE` IN('BASE TABLE', 'SYSTEM VERSIONED');
# User@Host: root[root] @  [172.22.0.4]
# Thread_id: 61  Schema:   QC_hit: No
# Query_time: 0.000517  Lock_time: 0.000325  Rows_sent: 1  Rows_examined: 1
# Rows_affected: 0  Bytes_sent: 56
SET timestamp=1737644588;
SELECT 1 FROM mysql.user LIMIT 1;
# User@Host: root[root] @  [172.22.0.4]
# Thread_id: 61  Schema:   QC_hit: No
# Query_time: 0.001077  Lock_time: 0.000488  Rows_sent: 1  Rows_examined: 85
# Rows_affected: 0  Bytes_sent: 57
SET timestamp=1737644588;
SELECT 1 FROM (SELECT `GRANTEE`, `IS_GRANTABLE` FROM `INFORMATION_SCHEMA`.`COLUMN_PRIVILEGES` UNION SELECT `GRANTEE`, `IS_GRANTABLE` FROM `INFORMATION_SCHEMA`.`TABLE_PRIVILEGES` UNION SELECT `GRANTEE`, `IS_GRANTABLE` FROM `INFORMATION_SCHEMA`.`SCHEMA_PRIVILEGES` UNION SELECT `GRANTEE`, `IS_GRANTABLE` FROM `INFORMATION_SCHEMA`.`USER_PRIVILEGES`) t WHERE `IS_GRANTABLE` = 'YES' AND '''root''@''%''' LIKE `GRANTEE`  UNION SELECT 1 FROM mysql.user WHERE `create_user_priv` = 'Y' COLLATE utf8mb4_general_ci AND 'root' LIKE `User` AND '' LIKE `Host` LIMIT 1;
# Time: 250123 15:03:09
# User@Host: root[root] @  [172.22.0.4]
# Thread_id: 63  Schema:   QC_hit: No
# Query_time: 0.000552  Lock_time: 0.000348  Rows_sent: 1  Rows_examined: 1
# Rows_affected: 0  Bytes_sent: 56
SET timestamp=1737644589;
SELECT 1 FROM mysql.user LIMIT 1;
# User@Host: root[root] @  [172.22.0.4]
# Thread_id: 63  Schema: testovoe  QC_hit: No
# Query_time: 0.000088  Lock_time: 0.000032  Rows_sent: 1  Rows_examined: 1
# Rows_affected: 0  Bytes_sent: 435
SET timestamp=1737644589;
SELECT * FROM `User` LIMIT 0, 25;
# User@Host: root[root] @  [172.22.0.4]
# Thread_id: 63  Schema: testovoe  QC_hit: No
# Query_time: 0.000393  Lock_time: 0.000043  Rows_sent: 0  Rows_examined: 0
# Rows_affected: 0  Bytes_sent: 97
SET timestamp=1737644589;
SELECT TABLE_NAME FROM information_schema.VIEWS WHERE TABLE_SCHEMA = 'testovoe' AND TABLE_NAME = 'User' AND IS_UPDATABLE = 'YES';
# User@Host: root[root] @  [172.22.0.4]
# Thread_id: 63  Schema: testovoe  QC_hit: No
# Query_time: 0.000318  Lock_time: 0.000037  Rows_sent: 0  Rows_examined: 0
# Rows_affected: 0  Bytes_sent: 97
SET timestamp=1737644589;
SELECT TABLE_NAME FROM information_schema.VIEWS WHERE TABLE_SCHEMA = 'testovoe' AND TABLE_NAME = 'User';
# User@Host: root[root] @  [172.22.0.4]
# Thread_id: 63  Schema: testovoe  QC_hit: No
# Query_time: 0.000272  Lock_time: 0.000028  Rows_sent: 0  Rows_examined: 0
# Rows_affected: 0  Bytes_sent: 97
SET timestamp=1737644589;
SELECT TABLE_NAME FROM information_schema.VIEWS WHERE TABLE_SCHEMA = 'testovoe' AND TABLE_NAME = 'User';
# User@Host: root[root] @  [172.22.0.4]
# Thread_id: 63  Schema: testovoe  QC_hit: No
# Query_time: 0.000478  Lock_time: 0.000077  Rows_sent: 0  Rows_examined: 0
# Rows_affected: 0  Bytes_sent: 97
SET timestamp=1737644589;
SELECT TABLE_NAME FROM information_schema.VIEWS WHERE TABLE_SCHEMA = 'testovoe' AND TABLE_NAME = 'User';
# User@Host: root[root] @  [172.22.0.4]
# Thread_id: 63  Schema: testovoe  QC_hit: No
# Query_time: 0.000280  Lock_time: 0.000028  Rows_sent: 0  Rows_examined: 0
# Rows_affected: 0  Bytes_sent: 97
SET timestamp=1737644589;
SELECT TABLE_NAME FROM information_schema.VIEWS WHERE TABLE_SCHEMA = 'testovoe' AND TABLE_NAME = 'User';
# User@Host: root[root] @  [172.22.0.4]
# Thread_id: 63  Schema: testovoe  QC_hit: No
# Query_time: 0.000344  Lock_time: 0.000037  Rows_sent: 0  Rows_examined: 0
# Rows_affected: 0  Bytes_sent: 97
SET timestamp=1737644589;
SELECT TABLE_NAME FROM information_schema.VIEWS WHERE TABLE_SCHEMA = 'testovoe' AND TABLE_NAME = 'User';
# User@Host: root[root] @  [172.22.0.4]
# Thread_id: 63  Schema: testovoe  QC_hit: No
# Query_time: 0.000178  Lock_time: 0.000073  Rows_sent: 1  Rows_examined: 1
# Rows_affected: 0  Bytes_sent: 3482
SET timestamp=1737644589;
SELECT *, `TABLE_SCHEMA`       AS `Db`, `TABLE_NAME`         AS `Name`, `TABLE_TYPE`         AS `TABLE_TYPE`, `ENGINE`             AS `Engine`, `ENGINE`             AS `Type`, `VERSION`            AS `Version`, `ROW_FORMAT`         AS `Row_format`, `TABLE_ROWS`         AS `Rows`, `AVG_ROW_LENGTH`     AS `Avg_row_length`, `DATA_LENGTH`        AS `Data_length`, `MAX_DATA_LENGTH`    AS `Max_data_length`, `INDEX_LENGTH`       AS `Index_length`, `DATA_FREE`          AS `Data_free`, `AUTO_INCREMENT`     AS `Auto_increment`, `CREATE_TIME`        AS `Create_time`, `UPDATE_TIME`        AS `Update_time`, `CHECK_TIME`         AS `Check_time`, `TABLE_COLLATION`    AS `Collation`, `CHECKSUM`           AS `Checksum`, `CREATE_OPTIONS`     AS `Create_options`, `TABLE_COMMENT`      AS `Comment` FROM `information_schema`.`TABLES` t WHERE `TABLE_SCHEMA`  IN ('testovoe') AND t.`TABLE_NAME`  = 'User' ORDER BY Name ASC;
# User@Host: root[root] @  [172.22.0.4]
# Thread_id: 63  Schema: testovoe  QC_hit: No
# Query_time: 0.000648  Lock_time: 0.000314  Rows_sent: 1  Rows_examined: 85
# Rows_affected: 0  Bytes_sent: 57
SET timestamp=1737644589;
SELECT 1 FROM (SELECT `GRANTEE`, `IS_GRANTABLE` FROM `INFORMATION_SCHEMA`.`COLUMN_PRIVILEGES` UNION SELECT `GRANTEE`, `IS_GRANTABLE` FROM `INFORMATION_SCHEMA`.`TABLE_PRIVILEGES` UNION SELECT `GRANTEE`, `IS_GRANTABLE` FROM `INFORMATION_SCHEMA`.`SCHEMA_PRIVILEGES` UNION SELECT `GRANTEE`, `IS_GRANTABLE` FROM `INFORMATION_SCHEMA`.`USER_PRIVILEGES`) t WHERE `IS_GRANTABLE` = 'YES' AND '''root''@''%''' LIKE `GRANTEE`  UNION SELECT 1 FROM mysql.user WHERE `create_user_priv` = 'Y' COLLATE utf8mb4_general_ci AND 'root' LIKE `User` AND '' LIKE `Host` LIMIT 1;
# User@Host: root[root] @  [172.22.0.4]
# Thread_id: 63  Schema: testovoe  QC_hit: No
# Query_time: 0.000101  Lock_time: 0.000036  Rows_sent: 1  Rows_examined: 77
# Rows_affected: 0  Bytes_sent: 137
SET timestamp=1737644589;
SELECT `PRIVILEGE_TYPE` FROM `INFORMATION_SCHEMA`.`USER_PRIVILEGES` WHERE GRANTEE='''root''@''%''' AND PRIVILEGE_TYPE='TRIGGER';
# User@Host: root[root] @  [172.22.0.4]
# Thread_id: 65  Schema:   QC_hit: No
# Query_time: 0.000487  Lock_time: 0.000321  Rows_sent: 1  Rows_examined: 1
# Rows_affected: 0  Bytes_sent: 56
SET timestamp=1737644589;
SELECT 1 FROM mysql.user LIMIT 1;
# User@Host: root[root] @  [172.22.0.4]
# Thread_id: 65  Schema:   QC_hit: No
# Query_time: 0.000651  Lock_time: 0.000296  Rows_sent: 1  Rows_examined: 85
# Rows_affected: 0  Bytes_sent: 57
SET timestamp=1737644589;
SELECT 1 FROM (SELECT `GRANTEE`, `IS_GRANTABLE` FROM `INFORMATION_SCHEMA`.`COLUMN_PRIVILEGES` UNION SELECT `GRANTEE`, `IS_GRANTABLE` FROM `INFORMATION_SCHEMA`.`TABLE_PRIVILEGES` UNION SELECT `GRANTEE`, `IS_GRANTABLE` FROM `INFORMATION_SCHEMA`.`SCHEMA_PRIVILEGES` UNION SELECT `GRANTEE`, `IS_GRANTABLE` FROM `INFORMATION_SCHEMA`.`USER_PRIVILEGES`) t WHERE `IS_GRANTABLE` = 'YES' AND '''root''@''%''' LIKE `GRANTEE`  UNION SELECT 1 FROM mysql.user WHERE `create_user_priv` = 'Y' COLLATE utf8mb4_general_ci AND 'root' LIKE `User` AND '' LIKE `Host` LIMIT 1;
# Time: 250123 15:07:46
# User@Host: root[root] @  [172.22.0.1]
# Thread_id: 67  Schema: testovoe  QC_hit: No
# Query_time: 0.000268  Lock_time: 0.000053  Rows_sent: 1  Rows_examined: 1
# Rows_affected: 0  Bytes_sent: 0
SET timestamp=1737644866;
SELECT COUNT(*) FROM (SELECT `testovoe`.`User`.`id` FROM `testovoe`.`User` WHERE 1=1) AS `sub`;
# Time: 250123 15:07:49
# User@Host: root[root] @  [172.22.0.1]
# Thread_id: 68  Schema: testovoe  QC_hit: No
# Query_time: 0.000305  Lock_time: 0.000087  Rows_sent: 1  Rows_examined: 1
# Rows_affected: 0  Bytes_sent: 0
SET timestamp=1737644869;
SELECT COUNT(*) FROM (SELECT `testovoe`.`User`.`id` FROM `testovoe`.`User` WHERE 1=1) AS `sub`;
# User@Host: root[root] @  [172.22.0.1]
# Thread_id: 69  Schema: testovoe  QC_hit: No
# Query_time: 0.000220  Lock_time: 0.000063  Rows_sent: 1  Rows_examined: 1
# Rows_affected: 0  Bytes_sent: 0
SET timestamp=1737644869;
SELECT `testovoe`.`User`.`id`, `testovoe`.`User`.`email`, `testovoe`.`User`.`passwordHash`, `testovoe`.`User`.`createdAt`, `testovoe`.`User`.`updatedAt` FROM `testovoe`.`User` WHERE 1=1 ORDER BY `testovoe`.`User`.`id` ASC LIMIT 100 OFFSET 0;
# Time: 250123 15:07:54
# User@Host: root[root] @  [172.22.0.1]
# Thread_id: 70  Schema: testovoe  QC_hit: No
# Query_time: 0.000283  Lock_time: 0.000095  Rows_sent: 1  Rows_examined: 1
# Rows_affected: 0  Bytes_sent: 0
SET timestamp=1737644874;
SELECT `testovoe`.`User`.`id`, `testovoe`.`User`.`email`, `testovoe`.`User`.`passwordHash`, `testovoe`.`User`.`createdAt`, `testovoe`.`User`.`updatedAt` FROM `testovoe`.`User` WHERE 1=1 ORDER BY `testovoe`.`User`.`id` ASC LIMIT 100 OFFSET 0;
# User@Host: root[root] @  [172.22.0.1]
# Thread_id: 71  Schema: testovoe  QC_hit: No
# Query_time: 0.000278  Lock_time: 0.000074  Rows_sent: 1  Rows_examined: 1
# Rows_affected: 0  Bytes_sent: 0
SET timestamp=1737644874;
SELECT COUNT(*) FROM (SELECT `testovoe`.`User`.`id` FROM `testovoe`.`User` WHERE 1=1) AS `sub`;
# Time: 250123 15:27:05
# User@Host: root[root] @  [172.22.0.4]
# Thread_id: 73  Schema:   QC_hit: No
# Query_time: 0.000626  Lock_time: 0.000426  Rows_sent: 1  Rows_examined: 1
# Rows_affected: 0  Bytes_sent: 56
SET timestamp=1737646025;
SELECT 1 FROM mysql.user LIMIT 1;
# User@Host: root[root] @  [172.22.0.4]
# Thread_id: 73  Schema:   QC_hit: No
# Query_time: 0.001006  Lock_time: 0.000472  Rows_sent: 1  Rows_examined: 85
# Rows_affected: 0  Bytes_sent: 57
SET timestamp=1737646025;
SELECT 1 FROM (SELECT `GRANTEE`, `IS_GRANTABLE` FROM `INFORMATION_SCHEMA`.`COLUMN_PRIVILEGES` UNION SELECT `GRANTEE`, `IS_GRANTABLE` FROM `INFORMATION_SCHEMA`.`TABLE_PRIVILEGES` UNION SELECT `GRANTEE`, `IS_GRANTABLE` FROM `INFORMATION_SCHEMA`.`SCHEMA_PRIVILEGES` UNION SELECT `GRANTEE`, `IS_GRANTABLE` FROM `INFORMATION_SCHEMA`.`USER_PRIVILEGES`) t WHERE `IS_GRANTABLE` = 'YES' AND '''root''@''%''' LIKE `GRANTEE`  UNION SELECT 1 FROM mysql.user WHERE `create_user_priv` = 'Y' COLLATE utf8mb4_general_ci AND 'root' LIKE `User` AND '' LIKE `Host` LIMIT 1;
# User@Host: root[root] @  [172.22.0.4]
# Thread_id: 73  Schema:   QC_hit: No
# Query_time: 0.000156  Lock_time: 0.000052  Rows_sent: 1  Rows_examined: 77
# Rows_affected: 0  Bytes_sent: 135
SET timestamp=1737646025;
SELECT `PRIVILEGE_TYPE` FROM `INFORMATION_SCHEMA`.`USER_PRIVILEGES` WHERE GRANTEE='''root''@''%''' AND PRIVILEGE_TYPE='EVENT';
# User@Host: root[root] @  [172.22.0.4]
# Thread_id: 73  Schema:   QC_hit: No
# Query_time: 0.000165  Lock_time: 0.000048  Rows_sent: 1  Rows_examined: 77
# Rows_affected: 0  Bytes_sent: 137
SET timestamp=1737646025;
SELECT `PRIVILEGE_TYPE` FROM `INFORMATION_SCHEMA`.`USER_PRIVILEGES` WHERE GRANTEE='''root''@''%''' AND PRIVILEGE_TYPE='TRIGGER';
# Time: 250123 15:44:03
# User@Host: root[root] @  [172.22.0.1]
# Thread_id: 76  Schema: testovoe  QC_hit: No
# Query_time: 0.000237  Lock_time: 0.000076  Rows_sent: 1  Rows_examined: 2
# Rows_affected: 0  Bytes_sent: 0
SET timestamp=1737647043;
SELECT COUNT(*) FROM (SELECT `testovoe`.`User`.`id` FROM `testovoe`.`User` WHERE 1=1) AS `sub`;
# Time: 250123 15:44:04
# User@Host: root[root] @  [172.22.0.1]
# Thread_id: 77  Schema: testovoe  QC_hit: No
# Query_time: 0.000293  Lock_time: 0.000090  Rows_sent: 1  Rows_examined: 2
# Rows_affected: 0  Bytes_sent: 0
SET timestamp=1737647044;
SELECT COUNT(*) FROM (SELECT `testovoe`.`User`.`id` FROM `testovoe`.`User` WHERE 1=1) AS `sub`;
# User@Host: root[root] @  [172.22.0.1]
# Thread_id: 78  Schema: testovoe  QC_hit: No
# Query_time: 0.000302  Lock_time: 0.000103  Rows_sent: 2  Rows_examined: 2
# Rows_affected: 0  Bytes_sent: 0
SET timestamp=1737647044;
SELECT `testovoe`.`User`.`id`, `testovoe`.`User`.`email`, `testovoe`.`User`.`passwordHash`, `testovoe`.`User`.`createdAt`, `testovoe`.`User`.`updatedAt` FROM `testovoe`.`User` WHERE 1=1 ORDER BY `testovoe`.`User`.`id` ASC LIMIT 100 OFFSET 0;
# Time: 250123 15:49:21
# User@Host: root[root] @  [172.22.0.4]
# Thread_id: 80  Schema:   QC_hit: No
# Query_time: 0.000856  Lock_time: 0.000594  Rows_sent: 1  Rows_examined: 1
# Rows_affected: 0  Bytes_sent: 56
SET timestamp=1737647361;
SELECT 1 FROM mysql.user LIMIT 1;
# User@Host: root[root] @  [172.22.0.4]
# Thread_id: 80  Schema:   QC_hit: No
# Query_time: 0.001393  Lock_time: 0.000619  Rows_sent: 1  Rows_examined: 85
# Rows_affected: 0  Bytes_sent: 57
SET timestamp=1737647361;
SELECT 1 FROM (SELECT `GRANTEE`, `IS_GRANTABLE` FROM `INFORMATION_SCHEMA`.`COLUMN_PRIVILEGES` UNION SELECT `GRANTEE`, `IS_GRANTABLE` FROM `INFORMATION_SCHEMA`.`TABLE_PRIVILEGES` UNION SELECT `GRANTEE`, `IS_GRANTABLE` FROM `INFORMATION_SCHEMA`.`SCHEMA_PRIVILEGES` UNION SELECT `GRANTEE`, `IS_GRANTABLE` FROM `INFORMATION_SCHEMA`.`USER_PRIVILEGES`) t WHERE `IS_GRANTABLE` = 'YES' AND '''root''@''%''' LIKE `GRANTEE`  UNION SELECT 1 FROM mysql.user WHERE `create_user_priv` = 'Y' COLLATE utf8mb4_general_ci AND 'root' LIKE `User` AND '' LIKE `Host` LIMIT 1;
# User@Host: root[root] @  [172.22.0.4]
# Thread_id: 80  Schema:   QC_hit: No
# Query_time: 0.000222  Lock_time: 0.000067  Rows_sent: 1  Rows_examined: 77
# Rows_affected: 0  Bytes_sent: 135
SET timestamp=1737647361;
SELECT `PRIVILEGE_TYPE` FROM `INFORMATION_SCHEMA`.`USER_PRIVILEGES` WHERE GRANTEE='''root''@''%''' AND PRIVILEGE_TYPE='EVENT';
# User@Host: root[root] @  [172.22.0.4]
# Thread_id: 80  Schema:   QC_hit: No
# Query_time: 0.000190  Lock_time: 0.000060  Rows_sent: 1  Rows_examined: 77
# Rows_affected: 0  Bytes_sent: 137
SET timestamp=1737647361;
SELECT `PRIVILEGE_TYPE` FROM `INFORMATION_SCHEMA`.`USER_PRIVILEGES` WHERE GRANTEE='''root''@''%''' AND PRIVILEGE_TYPE='TRIGGER';
